Build started 8/22/2012 9:30:00 AM.
     1>Project "C:\Documents and Settings\chowusb\Desktop\datalog_tools\StackTrace\StackTrace.vcxproj" on node 2 (build target(s)).
     1>InitializeBuildStatus:
         Touching "obj\Release\StackTrace.unsuccessfulbuild".
       GenerateTargetFrameworkMonikerAttribute:
       Skipping target "GenerateTargetFrameworkMonikerAttribute" because all output files are up-to-date with respect to the input files.
       ClCompile:
         All outputs are up-to-date.
         All outputs are up-to-date.
       CustomBuildStep:
         Description: Performing Custom Build Step
         copy ..\AddinUtility\bin\Release\AddinUtility.dll bin\Release
         :VCEnd
         The system cannot find the file specified.
     1>C:\Program Files\MSBuild\Microsoft.Cpp\v4.0\Microsoft.CppCommon.targets(183,5): error MSB3073: The command "copy ..\AddinUtility\bin\Release\AddinUtility.dll bin\Release
C:\Program Files\MSBuild\Microsoft.Cpp\v4.0\Microsoft.CppCommon.targets(183,5): error MSB3073: :VCEnd" exited with code 1.
     1>Done Building Project "C:\Documents and Settings\chowusb\Desktop\datalog_tools\StackTrace\StackTrace.vcxproj" (build target(s)) -- FAILED.

Build FAILED.

Time Elapsed 00:00:00.15
